0 info it worked if it ends with ok
1 verbose cli [ '/Users/madelgeek/.nvm/versions/node/v0.12.4/bin/node',
1 verbose cli   '/Users/madelgeek/.nvm/versions/node/v0.12.4/bin/npm',
1 verbose cli   'install' ]
2 info using npm@2.10.1
3 info using node@v0.12.4
4 verbose readDependencies loading dependencies from /Users/madelgeek/Sites/eFarmerApi/package.json
5 verbose install where, deps [ '/Users/madelgeek/Sites/eFarmerApi',
5 verbose install   [ 'grunt',
5 verbose install     'grunt-angular-templates',
5 verbose install     'grunt-autoprefixer',
5 verbose install     'grunt-concurrent',
5 verbose install     'grunt-contrib-clean',
5 verbose install     'grunt-contrib-compass',
5 verbose install     'grunt-contrib-concat',
5 verbose install     'grunt-contrib-connect',
5 verbose install     'grunt-contrib-copy',
5 verbose install     'grunt-contrib-cssmin',
5 verbose install     'grunt-contrib-htmlmin',
5 verbose install     'grunt-contrib-imagemin',
5 verbose install     'grunt-contrib-jshint',
5 verbose install     'grunt-contrib-uglify',
5 verbose install     'grunt-contrib-watch',
5 verbose install     'grunt-filerev',
5 verbose install     'grunt-google-cdn',
5 verbose install     'grunt-newer',
5 verbose install     'grunt-ng-annotate',
5 verbose install     'grunt-svgmin',
5 verbose install     'grunt-usemin',
5 verbose install     'grunt-wiredep',
5 verbose install     'jit-grunt',
5 verbose install     'jshint-stylish',
5 verbose install     'time-grunt' ] ]
6 verbose install where, peers [ '/Users/madelgeek/Sites/eFarmerApi', [] ]
7 verbose installManyTop reading for lifecycle /Users/madelgeek/Sites/eFarmerApi/package.json
8 info preinstall apifarmerdocs@
9 verbose installManyTop reading scoped package data from /Users/madelgeek/Sites/eFarmerApi/node_modules/grunt/package.json
10 verbose installManyTop reading scoped package data from /Users/madelgeek/Sites/eFarmerApi/node_modules/grunt-angular-templates/package.json
11 verbose installManyTop reading scoped package data from /Users/madelgeek/Sites/eFarmerApi/node_modules/grunt-autoprefixer/package.json
12 verbose installManyTop reading scoped package data from /Users/madelgeek/Sites/eFarmerApi/node_modules/grunt-cli/package.json
13 verbose installManyTop reading scoped package data from /Users/madelgeek/Sites/eFarmerApi/node_modules/grunt-concurrent/package.json
14 verbose installManyTop reading scoped package data from /Users/madelgeek/Sites/eFarmerApi/node_modules/grunt-contrib-clean/package.json
15 verbose installManyTop reading scoped package data from /Users/madelgeek/Sites/eFarmerApi/node_modules/grunt-contrib-compass/package.json
16 verbose installManyTop reading scoped package data from /Users/madelgeek/Sites/eFarmerApi/node_modules/grunt-contrib-concat/package.json
17 verbose installManyTop reading scoped package data from /Users/madelgeek/Sites/eFarmerApi/node_modules/grunt-contrib-connect/package.json
18 verbose installManyTop reading scoped package data from /Users/madelgeek/Sites/eFarmerApi/node_modules/grunt-contrib-copy/package.json
19 verbose installManyTop reading scoped package data from /Users/madelgeek/Sites/eFarmerApi/node_modules/grunt-contrib-cssmin/package.json
20 verbose installManyTop reading scoped package data from /Users/madelgeek/Sites/eFarmerApi/node_modules/grunt-contrib-htmlmin/package.json
21 verbose installManyTop reading scoped package data from /Users/madelgeek/Sites/eFarmerApi/node_modules/grunt-contrib-imagemin/package.json
22 verbose installManyTop reading scoped package data from /Users/madelgeek/Sites/eFarmerApi/node_modules/grunt-contrib-jshint/package.json
23 verbose installManyTop reading scoped package data from /Users/madelgeek/Sites/eFarmerApi/node_modules/grunt-contrib-uglify/package.json
24 verbose installManyTop reading scoped package data from /Users/madelgeek/Sites/eFarmerApi/node_modules/grunt-contrib-watch/package.json
25 verbose installManyTop reading scoped package data from /Users/madelgeek/Sites/eFarmerApi/node_modules/grunt-filerev/package.json
26 verbose installManyTop reading scoped package data from /Users/madelgeek/Sites/eFarmerApi/node_modules/grunt-google-cdn/package.json
27 verbose installManyTop reading scoped package data from /Users/madelgeek/Sites/eFarmerApi/node_modules/grunt-newer/package.json
28 verbose installManyTop reading scoped package data from /Users/madelgeek/Sites/eFarmerApi/node_modules/grunt-ng-annotate/package.json
29 verbose installManyTop reading scoped package data from /Users/madelgeek/Sites/eFarmerApi/node_modules/grunt-svgmin/package.json
30 verbose installManyTop reading scoped package data from /Users/madelgeek/Sites/eFarmerApi/node_modules/grunt-usemin/package.json
31 verbose installManyTop reading scoped package data from /Users/madelgeek/Sites/eFarmerApi/node_modules/grunt-wiredep/package.json
32 verbose installManyTop reading scoped package data from /Users/madelgeek/Sites/eFarmerApi/node_modules/jit-grunt/package.json
33 verbose installManyTop reading scoped package data from /Users/madelgeek/Sites/eFarmerApi/node_modules/jshint-stylish/package.json
34 verbose installManyTop reading scoped package data from /Users/madelgeek/Sites/eFarmerApi/node_modules/time-grunt/package.json
35 info package.json grunt@0.4.5 No license field.
36 info package.json grunt-angular-templates@0.5.7 No license field.
37 info package.json grunt-cli@0.1.13 No license field.
38 info package.json grunt-contrib-clean@0.6.0 No license field.
39 info package.json grunt-contrib-compass@1.0.3 No license field.
40 info package.json grunt-contrib-concat@0.5.1 No license field.
41 info package.json grunt-contrib-connect@0.9.0 No license field.
42 info package.json grunt-contrib-copy@0.7.0 No license field.
43 info package.json grunt-contrib-cssmin@0.12.3 No license field.
44 info package.json grunt-contrib-htmlmin@0.4.0 No license field.
45 info package.json grunt-contrib-imagemin@0.9.4 No license field.
46 info package.json grunt-contrib-jshint@0.11.2 No license field.
47 info package.json grunt-contrib-uglify@0.7.0 No license field.
48 info package.json grunt-contrib-watch@0.6.1 No license field.
49 info package.json grunt-filerev@2.3.1 license should be a valid SPDX license expression
50 info package.json grunt-google-cdn@0.4.3 license should be a valid SPDX license expression
51 info package.json grunt-svgmin@2.0.1 No license field.
52 info package.json grunt-wiredep@2.0.0 No license field.
53 verbose readDependencies loading dependencies from /Users/madelgeek/Sites/eFarmerApi/package.json
54 verbose targetResolver reading package data from /Users/madelgeek/Sites/eFarmerApi/node_modules/grunt/package.json
55 verbose targetResolver reading package data from /Users/madelgeek/Sites/eFarmerApi/node_modules/grunt-angular-templates/package.json
56 verbose targetResolver reading package data from /Users/madelgeek/Sites/eFarmerApi/node_modules/grunt-autoprefixer/package.json
57 verbose targetResolver reading package data from /Users/madelgeek/Sites/eFarmerApi/node_modules/grunt-cli/package.json
58 verbose targetResolver reading package data from /Users/madelgeek/Sites/eFarmerApi/node_modules/grunt-concurrent/package.json
59 verbose targetResolver reading package data from /Users/madelgeek/Sites/eFarmerApi/node_modules/grunt-contrib-clean/package.json
60 verbose targetResolver reading package data from /Users/madelgeek/Sites/eFarmerApi/node_modules/grunt-contrib-compass/package.json
61 verbose targetResolver reading package data from /Users/madelgeek/Sites/eFarmerApi/node_modules/grunt-contrib-concat/package.json
62 verbose targetResolver reading package data from /Users/madelgeek/Sites/eFarmerApi/node_modules/grunt-contrib-connect/package.json
63 verbose targetResolver reading package data from /Users/madelgeek/Sites/eFarmerApi/node_modules/grunt-contrib-copy/package.json
64 verbose targetResolver reading package data from /Users/madelgeek/Sites/eFarmerApi/node_modules/grunt-contrib-cssmin/package.json
65 verbose targetResolver reading package data from /Users/madelgeek/Sites/eFarmerApi/node_modules/grunt-contrib-htmlmin/package.json
66 verbose targetResolver reading package data from /Users/madelgeek/Sites/eFarmerApi/node_modules/grunt-contrib-imagemin/package.json
67 verbose targetResolver reading package data from /Users/madelgeek/Sites/eFarmerApi/node_modules/grunt-contrib-jshint/package.json
68 verbose targetResolver reading package data from /Users/madelgeek/Sites/eFarmerApi/node_modules/grunt-contrib-uglify/package.json
69 verbose targetResolver reading package data from /Users/madelgeek/Sites/eFarmerApi/node_modules/grunt-contrib-watch/package.json
70 verbose targetResolver reading package data from /Users/madelgeek/Sites/eFarmerApi/node_modules/grunt-filerev/package.json
71 verbose targetResolver reading package data from /Users/madelgeek/Sites/eFarmerApi/node_modules/grunt-google-cdn/package.json
72 verbose targetResolver reading package data from /Users/madelgeek/Sites/eFarmerApi/node_modules/grunt-newer/package.json
73 verbose targetResolver reading package data from /Users/madelgeek/Sites/eFarmerApi/node_modules/grunt-ng-annotate/package.json
74 verbose targetResolver reading package data from /Users/madelgeek/Sites/eFarmerApi/node_modules/grunt-svgmin/package.json
75 verbose targetResolver reading package data from /Users/madelgeek/Sites/eFarmerApi/node_modules/grunt-usemin/package.json
76 verbose targetResolver reading package data from /Users/madelgeek/Sites/eFarmerApi/node_modules/grunt-wiredep/package.json
77 verbose targetResolver reading package data from /Users/madelgeek/Sites/eFarmerApi/node_modules/jit-grunt/package.json
78 verbose targetResolver reading package data from /Users/madelgeek/Sites/eFarmerApi/node_modules/jshint-stylish/package.json
79 verbose targetResolver reading package data from /Users/madelgeek/Sites/eFarmerApi/node_modules/time-grunt/package.json
80 verbose targetResolver reading package data from /Users/madelgeek/Sites/eFarmerApi/node_modules/.bin/grunt/package.json
81 verbose already installed skipping grunt-contrib-compass@^1.0.0 /Users/madelgeek/Sites/eFarmerApi
82 verbose already installed skipping grunt-contrib-concat@^0.5.0 /Users/madelgeek/Sites/eFarmerApi
83 verbose already installed skipping grunt-contrib-connect@^0.9.0 /Users/madelgeek/Sites/eFarmerApi
84 verbose already installed skipping grunt-contrib-copy@^0.7.0 /Users/madelgeek/Sites/eFarmerApi
85 verbose already installed skipping grunt-contrib-cssmin@^0.12.0 /Users/madelgeek/Sites/eFarmerApi
86 verbose already installed skipping grunt-contrib-htmlmin@^0.4.0 /Users/madelgeek/Sites/eFarmerApi
87 verbose already installed skipping grunt-contrib-imagemin@^0.9.2 /Users/madelgeek/Sites/eFarmerApi
88 verbose already installed skipping grunt-contrib-jshint@^0.11.0 /Users/madelgeek/Sites/eFarmerApi
89 verbose already installed skipping grunt-contrib-uglify@^0.7.0 /Users/madelgeek/Sites/eFarmerApi
90 verbose already installed skipping grunt-contrib-watch@^0.6.1 /Users/madelgeek/Sites/eFarmerApi
91 verbose already installed skipping grunt-filerev@^2.1.2 /Users/madelgeek/Sites/eFarmerApi
92 verbose already installed skipping grunt-google-cdn@^0.4.3 /Users/madelgeek/Sites/eFarmerApi
93 verbose already installed skipping grunt-newer@^1.1.0 /Users/madelgeek/Sites/eFarmerApi
94 verbose already installed skipping grunt-ng-annotate@^0.9.2 /Users/madelgeek/Sites/eFarmerApi
95 verbose already installed skipping grunt-svgmin@^2.0.0 /Users/madelgeek/Sites/eFarmerApi
96 verbose already installed skipping grunt-usemin@^3.0.0 /Users/madelgeek/Sites/eFarmerApi
97 verbose already installed skipping grunt-wiredep@^2.0.0 /Users/madelgeek/Sites/eFarmerApi
98 verbose already installed skipping jit-grunt@^0.9.1 /Users/madelgeek/Sites/eFarmerApi
99 verbose already installed skipping jshint-stylish@^1.0.0 /Users/madelgeek/Sites/eFarmerApi
100 verbose already installed skipping time-grunt@^1.0.0 /Users/madelgeek/Sites/eFarmerApi
101 verbose already installed skipping grunt@^0.4.5 /Users/madelgeek/Sites/eFarmerApi
102 verbose already installed skipping grunt-angular-templates@^0.5.7 /Users/madelgeek/Sites/eFarmerApi
103 verbose already installed skipping grunt-autoprefixer@^2.0.0 /Users/madelgeek/Sites/eFarmerApi
104 verbose already installed skipping grunt-concurrent@^1.0.0 /Users/madelgeek/Sites/eFarmerApi
105 verbose already installed skipping grunt-contrib-clean@^0.6.0 /Users/madelgeek/Sites/eFarmerApi
106 silly install resolved []
107 info build /Users/madelgeek/Sites/eFarmerApi
108 info linkStuff apifarmerdocs@
109 silly linkStuff apifarmerdocs@ has /Users/madelgeek/Sites as its parent node_modules
110 verbose linkBins apifarmerdocs@
111 verbose linkMans apifarmerdocs@
112 verbose rebuildBundles apifarmerdocs@
113 verbose rebuildBundles [ '.bin',
113 verbose rebuildBundles   'grunt',
113 verbose rebuildBundles   'grunt-angular-templates',
113 verbose rebuildBundles   'grunt-autoprefixer',
113 verbose rebuildBundles   'grunt-cli',
113 verbose rebuildBundles   'grunt-concurrent',
113 verbose rebuildBundles   'grunt-contrib-clean',
113 verbose rebuildBundles   'grunt-contrib-compass',
113 verbose rebuildBundles   'grunt-contrib-concat',
113 verbose rebuildBundles   'grunt-contrib-connect',
113 verbose rebuildBundles   'grunt-contrib-copy',
113 verbose rebuildBundles   'grunt-contrib-cssmin',
113 verbose rebuildBundles   'grunt-contrib-htmlmin',
113 verbose rebuildBundles   'grunt-contrib-imagemin',
113 verbose rebuildBundles   'grunt-contrib-jshint',
113 verbose rebuildBundles   'grunt-contrib-uglify',
113 verbose rebuildBundles   'grunt-contrib-watch',
113 verbose rebuildBundles   'grunt-filerev',
113 verbose rebuildBundles   'grunt-google-cdn',
113 verbose rebuildBundles   'grunt-newer',
113 verbose rebuildBundles   'grunt-ng-annotate',
113 verbose rebuildBundles   'grunt-svgmin',
113 verbose rebuildBundles   'grunt-usemin',
113 verbose rebuildBundles   'grunt-wiredep',
113 verbose rebuildBundles   'jit-grunt',
113 verbose rebuildBundles   'jshint-stylish',
113 verbose rebuildBundles   'time-grunt' ]
114 verbose rebuild bundle /Users/madelgeek/Sites/eFarmerApi/node_modules/grunt-cli
115 info build /Users/madelgeek/Sites/eFarmerApi/node_modules/grunt-cli
116 info preinstall grunt-cli@0.1.13
117 info linkStuff grunt-cli@0.1.13
118 silly linkStuff grunt-cli@0.1.13 has /Users/madelgeek/Sites/eFarmerApi/node_modules as its parent node_modules
119 verbose linkBins grunt-cli@0.1.13
120 verbose link bins [ { grunt: 'bin/grunt' },
120 verbose link bins   '/Users/madelgeek/Sites/eFarmerApi/node_modules/.bin',
120 verbose link bins   false ]
121 verbose linkMans grunt-cli@0.1.13
122 verbose rebuildBundles grunt-cli@0.1.13
123 verbose rebuildBundles [ '.bin', 'findup-sync', 'nopt', 'resolve' ]
124 silly gentlyRm /Users/madelgeek/Sites/eFarmerApi/node_modules/.bin/grunt is being purged
125 verbose gentlyRm don't care about contents; nuking /Users/madelgeek/Sites/eFarmerApi/node_modules/.bin/grunt
126 silly vacuum-fs purging /Users/madelgeek/Sites/eFarmerApi/node_modules/.bin/grunt
127 silly vacuum-fs removing /Users/madelgeek/Sites/eFarmerApi/node_modules/.bin
128 silly vacuum-fs quitting because other entries in /Users/madelgeek/Sites/eFarmerApi/node_modules
129 info install grunt-cli@0.1.13
130 info postinstall grunt-cli@0.1.13
131 info install apifarmerdocs@
132 info postinstall apifarmerdocs@
133 verbose unsafe-perm in lifecycle true
134 info apifarmerdocs@ Failed to exec postinstall script
135 verbose stack Error: apifarmerdocs@ postinstall: `bower install && grunt`
135 verbose stack Exit status 3
135 verbose stack     at EventEmitter.<anonymous> (/Users/madelgeek/.nvm/versions/node/v0.12.4/lib/node_modules/npm/lib/utils/lifecycle.js:213:16)
135 verbose stack     at EventEmitter.emit (events.js:110:17)
135 verbose stack     at ChildProcess.<anonymous> (/Users/madelgeek/.nvm/versions/node/v0.12.4/lib/node_modules/npm/lib/utils/spawn.js:24:14)
135 verbose stack     at ChildProcess.emit (events.js:110:17)
135 verbose stack     at maybeClose (child_process.js:1015:16)
135 verbose stack     at Process.ChildProcess._handle.onexit (child_process.js:1087:5)
136 verbose pkgid apifarmerdocs@
137 verbose cwd /Users/madelgeek/Sites/eFarmerApi
138 error Darwin 14.4.0
139 error argv "/Users/madelgeek/.nvm/versions/node/v0.12.4/bin/node" "/Users/madelgeek/.nvm/versions/node/v0.12.4/bin/npm" "install"
140 error node v0.12.4
141 error npm  v2.10.1
142 error code ELIFECYCLE
143 error apifarmerdocs@ postinstall: `bower install && grunt`
143 error Exit status 3
144 error Failed at the apifarmerdocs@ postinstall script 'bower install && grunt'.
144 error This is most likely a problem with the apifarmerdocs package,
144 error not with npm itself.
144 error Tell the author that this fails on your system:
144 error     bower install && grunt
144 error You can get their info via:
144 error     npm owner ls apifarmerdocs
144 error There is likely additional logging output above.
145 verbose exit [ 1, true ]
